<?xml version="1.0" encoding="utf-8"?><testsuites><testsuite name="pytest" errors="0" failures="1" skipped="2" tests="7" time="0.031" timestamp="2024-09-01T14:23:31.898683+03:00" hostname="fresh-trash"><testcase classname="testdata.sample_tests.simple_tests" name="test_simple_assertion" time="0.000" /><testcase classname="testdata.sample_tests.simple_tests" name="test_with_params[0-0-0]" time="0.000" /><testcase classname="testdata.sample_tests.simple_tests" name="test_with_params[1-2-3]" time="0.000" /><testcase classname="testdata.sample_tests.simple_tests" name="test_skipped_test" time="0.000"><skipped type="pytest.skip" message="unconditional skip">/home/cris/Projects/inaction/testdata/sample_tests/simple_tests.py:17: unconditional skip</skipped></testcase><testcase classname="testdata.sample_tests.simple_tests" name="test_failing_test" time="0.000"><failure message="assert 0 == 1">def test_failing_test():
&gt;       assert 0 == 1
E       assert 0 == 1

testdata/sample_tests/simple_tests.py:22: AssertionError</failure></testcase><testcase classname="testdata.sample_tests.simple_tests" name="test_xfailing" time="0.000"><skipped type="pytest.xfail" message="" /></testcase><testcase classname="testdata.sample_tests.simple_tests" name="test_xpassing" time="0.000" /></testsuite></testsuites>